C:\USERS\SPUDFKC\DOCUMENTS\VISUAL STUDIO 2012\PROJECTS\DES\DES\DEBUG\DES.PCH
C:\USERS\SPUDFKC\DOCUMENTS\VISUAL STUDIO 2012\PROJECTS\DES\DES\DEBUG\STDAFX.OBJ
C:\USERS\SPUDFKC\DOCUMENTS\VISUAL STUDIO 2012\PROJECTS\DES\DES\DEBUG\VC110.PDB
C:\USERS\SPUDFKC\DOCUMENTS\VISUAL STUDIO 2012\PROJECTS\DES\DES\DEBUG\BITUTILS.OBJ
C:\USERS\SPUDFKC\DOCUMENTS\VISUAL STUDIO 2012\PROJECTS\DES\DES\DEBUG\DES.OBJ
C:\USERS\SPUDFKC\DOCUMENTS\VISUAL STUDIO 2012\PROJECTS\DES\DES\DEBUG\DESENCRYPTER.OBJ
C:\USERS\SPUDFKC\DOCUMENTS\VISUAL STUDIO 2012\PROJECTS\DES\DEBUG\DES.ILK
C:\USERS\SPUDFKC\DOCUMENTS\VISUAL STUDIO 2012\PROJECTS\DES\DEBUG\DES.EXE
C:\USERS\SPUDFKC\DOCUMENTS\VISUAL STUDIO 2012\PROJECTS\DES\DEBUG\DES.PDB
C:\Users\spudfkc\documents\visual studio 2012\Projects\DES\DES\Debug\BitUtils.obj
C:\Users\spudfkc\documents\visual studio 2012\Projects\DES\DES\Debug\DES.obj
C:\Users\spudfkc\documents\visual studio 2012\Projects\DES\DES\Debug\DESEncrypter.obj
C:\Users\spudfkc\documents\visual studio 2012\Projects\DES\DES\Debug\stdafx.obj
C:\Users\spudfkc\documents\visual studio 2012\Projects\DES\DES\Debug\cl.command.1.tlog
C:\Users\spudfkc\documents\visual studio 2012\Projects\DES\DES\Debug\CL.read.1.tlog
C:\Users\spudfkc\documents\visual studio 2012\Projects\DES\DES\Debug\CL.write.1.tlog
C:\Users\spudfkc\documents\visual studio 2012\Projects\DES\DES\Debug\link-cvtres.read.1.tlog
C:\Users\spudfkc\documents\visual studio 2012\Projects\DES\DES\Debug\link-cvtres.write.1.tlog
C:\Users\spudfkc\documents\visual studio 2012\Projects\DES\DES\Debug\link-rc.read.1.tlog
C:\Users\spudfkc\documents\visual studio 2012\Projects\DES\DES\Debug\link-rc.write.1.tlog
C:\Users\spudfkc\documents\visual studio 2012\Projects\DES\DES\Debug\link.command.1.tlog
C:\Users\spudfkc\documents\visual studio 2012\Projects\DES\DES\Debug\link.read.1.tlog
C:\Users\spudfkc\documents\visual studio 2012\Projects\DES\DES\Debug\link.write.1.tlog
C:\Users\spudfkc\documents\visual studio 2012\Projects\DES\DES\Debug\DES.pch
C:\Users\spudfkc\documents\visual studio 2012\Projects\DES\DES\Debug\vc110.idb
C:\Users\spudfkc\documents\visual studio 2012\Projects\DES\DES\Debug\vc110.pdb
C:\Users\spudfkc\documents\visual studio 2012\Projects\DES\Debug\DES.pdb
C:\Users\spudfkc\documents\visual studio 2012\Projects\DES\Debug\DES.exe
C:\Users\spudfkc\documents\visual studio 2012\Projects\DES\Debug\DES.ilk
